<?xml version="1.0" encoding="UTF-8"?>
<testng-results ignored="0" total="2" passed="2" failed="0" skipped="0">
  <reporter-output>
  </reporter-output>
  <suite started-at="2023-02-10T11:59:33 IST" name="Default suite" finished-at="2023-02-10T11:59:46 IST" duration-ms="12833">
    <groups>
    </groups>
    <test started-at="2023-02-10T11:59:33 IST" name="Default test" finished-at="2023-02-10T11:59:46 IST" duration-ms="12833">
      <class name="seleniumexamples.TestNGexample3">
        <test-method is-config="true" signature="setUp()[pri:0, instance:seleniumexamples.TestNGexample3@647e447]" started-at="2023-02-10T11:59:33 IST" name="setUp" finished-at="2023-02-10T11:59:38 IST" duration-ms="5023" status="PASS">
          <reporter-output>
          </reporter-output>
        </test-method> <!-- setUp -->
        <test-method signature="testingmethod()[pri:1, instance:seleniumexamples.TestNGexample3@647e447]" started-at="2023-02-10T11:59:38 IST" name="testingmethod" finished-at="2023-02-10T11:59:38 IST" duration-ms="38" status="PASS">
          <reporter-output>
          </reporter-output>
        </test-method> <!-- testingmethod -->
        <test-method is-config="true" signature="aftermethodtesting()[pri:0, instance:seleniumexamples.TestNGexample3@647e447]" started-at="2023-02-10T11:59:38 IST" name="aftermethodtesting" finished-at="2023-02-10T11:59:38 IST" duration-ms="187" status="PASS">
          <reporter-output>
          </reporter-output>
        </test-method> <!-- aftermethodtesting -->
        <test-method is-config="true" signature="setUp()[pri:0, instance:seleniumexamples.TestNGexample3@647e447]" started-at="2023-02-10T11:59:38 IST" name="setUp" finished-at="2023-02-10T11:59:42 IST" duration-ms="3627" status="PASS">
          <reporter-output>
          </reporter-output>
        </test-method> <!-- setUp -->
        <test-method signature="linkmethodtest()[pri:2, instance:seleniumexamples.TestNGexample3@647e447]" started-at="2023-02-10T11:59:42 IST" name="linkmethodtest" finished-at="2023-02-10T11:59:46 IST" duration-ms="3664" status="PASS">
          <reporter-output>
          </reporter-output>
        </test-method> <!-- linkmethodtest -->
        <test-method is-config="true" signature="aftermethodtesting()[pri:0, instance:seleniumexamples.TestNGexample3@647e447]" started-at="2023-02-10T11:59:46 IST" name="aftermethodtesting" finished-at="2023-02-10T11:59:46 IST" duration-ms="222" status="PASS">
          <reporter-output>
          </reporter-output>
        </test-method> <!-- aftermethodtesting -->
      </class> <!-- seleniumexamples.TestNGexample3 -->
    </test> <!-- Default test -->
  </suite> <!-- Default suite -->
</testng-results>
